<?xml version="1.0" encoding="UTF-8"?>
<testsuite xmlns:xsi="http://www.w3.org/2001/XMLSchema-instance" xsi:noNamespaceSchemaLocation="https://maven.apache.org/surefire/maven-surefire-plugin/xsd/surefire-test-report-3.0.xsd" version="3.0" name="bus.booking.RepositoryTest" time="4.131" tests="2" errors="0" skipped="0" failures="0">
  <properties>
[...]
</properties>
  <testcase name="testReservationRepository" classname="bus.booking.RepositoryTest" time="0.18">
    <system-out><![CDATA[07:50:03.586 [main] INFO org.springframework.test.context.support.AnnotationConfigContextLoaderUtils -- Could not detect default configuration classes for test class [bus.booking.RepositoryTest]: RepositoryTest does not declare any static, non-private, non-final, nested classes annotated with @Configuration.
07:50:03.739 [main] INFO org.springframework.boot.test.context.SpringBootTestContextBootstrapper -- Found @SpringBootConfiguration bus.booking.BusBookingApplication for test class bus.booking.RepositoryTest

  .   ____          _            __ _ _
 /\\ / ___'_ __ _ _(_)_ __  __ _ \ \ \ \
( ( )\___ | '_ | '_| | '_ \/ _` | \ \ \ \
 \\/  ___)| |_)| | | | | || (_| |  ) ) ) )
  '  |____| .__|_| |_|_| |_\__, | / / / /
 =========|_|==============|___/=/_/_/_/
 :: Spring Boot ::                (v3.1.4)

2024-04-09T07:50:04.230+01:00  WARN 669164 --- [           main] ory$DuplicateJsonObjectContextCustomizer : 

Found multiple occurrences of org.json.JSONObject on the class path:

	jar:file:/home/jakerosa/.m2/repository/com/vaadin/external/google/android-json/0.0.20131108.vaadin1/android-json-0.0.20131108.vaadin1.jar!/org/json/JSONObject.class
	jar:file:/home/jakerosa/.m2/repository/org/json/json/20231013/json-20231013.jar!/org/json/JSONObject.class

You may wish to exclude one of them to ensure predictable runtime behavior

2024-04-09T07:50:04.252+01:00  INFO 669164 --- [           main] bus.booking.RepositoryTest               : Starting RepositoryTest using Java 19.0.2 with PID 669164 (started by jakerosa in /home/jakerosa/Desktop/Uni/3ano_2semestre/TQS_109089/hw1/BusBooking)
2024-04-09T07:50:04.253+01:00  INFO 669164 --- [           main] bus.booking.RepositoryTest               : No active profile set, falling back to 1 default profile: "default"
2024-04-09T07:50:04.254+01:00 DEBUG 669164 --- [           main] o.s.boot.SpringApplication               : Loading source class bus.booking.BusBookingApplication
2024-04-09T07:50:04.279+01:00 DEBUG 669164 --- [           main] s.c.a.AnnotationConfigApplicationContext : Refreshing org.springframework.context.annotation.AnnotationConfigApplicationContext@480f24b1
2024-04-09T07:50:04.301+01:00 DEBUG 669164 --- [           main] o.s.b.f.s.DefaultListableBeanFactory     : Creating shared instance of singleton bean 'org.springframework.context.annotation.internalConfigurationAnnotationProcessor'
2024-04-09T07:50:04.327+01:00 DEBUG 669164 --- [           main] o.s.b.f.s.DefaultListableBeanFactory     : Creating shared instance of singleton bean 'org.springframework.boot.autoconfigure.internalCachingMetadataReaderFactory'
2024-04-09T07:50:04.720+01:00  INFO 669164 --- [           main] .s.d.r.c.RepositoryConfigurationDelegate : Bootstrapping Spring Data JPA repositories in DEFAULT mode.
2024-04-09T07:50:04.729+01:00 DEBUG 669164 --- [           main] o.s.b.f.s.DefaultListableBeanFactory     : Creating shared instance of singleton bean 'org.springframework.boot.autoconfigure.AutoConfigurationPackages'
2024-04-09T07:50:04.739+01:00 DEBUG 669164 --- [           main] o.s.b.a.AutoConfigurationPackages        : @EnableAutoConfiguration was declared on a class in the package 'bus.booking'. Automatic @Repository and @Entity scanning is enabled.
2024-04-09T07:50:04.739+01:00 DEBUG 669164 --- [           main] .s.d.r.c.RepositoryConfigurationDelegate : Scanning for JPA repositories in packages bus.booking.
2024-04-09T07:50:04.747+01:00 DEBUG 669164 --- [           main] o.s.d.r.c.RepositoryComponentProvider    : Identified candidate component class: file [/home/jakerosa/Desktop/Uni/3ano_2semestre/TQS_109089/hw1/BusBooking/target/classes/bus/booking/repositories/ReservationRepository.class]
2024-04-09T07:50:04.748+01:00 DEBUG 669164 --- [           main] o.s.d.r.c.RepositoryComponentProvider    : Identified candidate component class: file [/home/jakerosa/Desktop/Uni/3ano_2semestre/TQS_109089/hw1/BusBooking/target/classes/bus/booking/repositories/TripRepository.class]
2024-04-09T07:50:04.774+01:00 DEBUG 669164 --- [           main] ssPathScanningCandidateComponentProvider : Identified candidate component class: file [/home/jakerosa/Desktop/Uni/3ano_2semestre/TQS_109089/hw1/BusBooking/target/classes/bus/booking/services/impl/CacheStatsServiceImpl.class]
2024-04-09T07:50:04.774+01:00 DEBUG 669164 --- [           main] ssPathScanningCandidateComponentProvider : Identified candidate component class: file [/home/jakerosa/Desktop/Uni/3ano_2semestre/TQS_109089/hw1/BusBooking/target/classes/bus/booking/services/impl/CurrencyServiceImpl.class]
2024-04-09T07:50:04.774+01:00 DEBUG 669164 --- [           main] ssPathScanningCandidateComponentProvider : Identified candidate component class: file [/home/jakerosa/Desktop/Uni/3ano_2semestre/TQS_109089/hw1/BusBooking/target/classes/bus/booking/services/impl/ReservationServiceImpl.class]
2024-04-09T07:50:04.774+01:00 DEBUG 669164 --- [           main] ssPathScanningCandidateComponentProvider : Identified candidate component class: file [/home/jakerosa/Desktop/Uni/3ano_2semestre/TQS_109089/hw1/BusBooking/target/classes/bus/booking/services/impl/TripServiceImpl.class]
2024-04-09T07:50:04.786+01:00  INFO 669164 --- [           main] .s.d.r.c.RepositoryConfigurationDelegate : Finished Spring Data repository scanning in 45 ms. Found 2 JPA repository interfaces.
2024-04-09T07:50:04.844+01:00 DEBUG 669164 --- [           main] o.s.b.f.s.DefaultListableBeanFactory     : Creating shared instance of singleton bean 'org.springframework.boot.test.context.ImportsContextCustomizer$ImportsCleanupPostProcessor'
2024-04-09T07:50:04.845+01:00 DEBUG 669164 --- [           main] o.s.b.f.s.DefaultListableBeanFactory     : Creating shared instance of singleton bean 'embeddedDataSourceBeanFactoryPostProcessor'
2024-04-09T07:50:04.853+01:00  INFO 669164 --- [           main] beddedDataSourceBeanFactoryPostProcessor : Replacing 'dataSource' DataSource bean with embedded version
2024-04-09T07:50:04.930+01:00 DEBUG 669164 --- [           main] o.s.b.f.s.DefaultListableBeanFactory     : Creating shared instance of singleton bean 'org.springframework.boot.test.mock.mockito.MockitoPostProcessor'
2024-04-09T07:50:04.931+01:00 DEBUG 669164 --- [           main] o.s.b.f.s.DefaultListableBeanFactory     : Creating shared instance of singleton bean 'emBeanDefinitionRegistrarPostProcessor'
2024-04-09T07:50:04.932+01:00 DEBUG 669164 --- [           main] o.s.b.f.s.DefaultListableBeanFactory     : Creating shared instance of singleton bean 'org.springframework.boot.sql.init.dependency.DatabaseInitializationDependencyConfigurer$DependsOnDatabaseInitializationPostProcessor'
2024-04-09T07:50:04.963+01:00 DEBUG 669164 --- [           main] o.s.b.f.s.DefaultListableBeanFactory     : Creating shared instance of singleton bean 'org.springframework.context.event.internalEventListenerProcessor'
2024-04-09T07:50:04.966+01:00 DEBUG 669164 --- [           main] o.s.b.f.s.DefaultListableBeanFactory     : Creating shared instance of singleton bean 'org.springframework.context.event.internalEventListenerFactory'
2024-04-09T07:50:04.966+01:00 DEBUG 669164 --- [           main] o.s.b.f.s.DefaultListableBeanFactory     : Creating shared instance of singleton bean 'org.springframework.transaction.config.internalTransactionalEventListenerFactory'
2024-04-09T07:50:04.968+01:00 DEBUG 669164 --- [           main] o.s.b.f.s.DefaultListableBeanFactory     : Creating shared instance of singleton bean 'org.springframework.context.annotation.internalAutowiredAnnotationProcessor'
2024-04-09T07:50:04.970+01:00 DEBUG 669164 --- [           main] o.s.b.f.s.DefaultListableBeanFactory     : Creating shared instance of singleton bean 'org.springframework.context.annotation.internalCommonAnnotationProcessor'
2024-04-09T07:50:04.975+01:00 DEBUG 669164 --- [           main] o.s.b.f.s.DefaultListableBeanFactory     : Creating shared instance of singleton bean 'org.springframework.context.annotation.internalPersistenceAnnotationProcessor'
2024-04-09T07:50:04.976+01:00 DEBUG 669164 --- [           main] o.s.b.f.s.DefaultListableBeanFactory     : Creating shared instance of singleton bean 'org.springframework.boot.test.mock.mockito.MockitoPostProcessor$SpyPostProcessor'
2024-04-09T07:50:04.977+01:00 DEBUG 669164 --- [           main] o.s.b.f.s.DefaultListableBeanFactory     : Creating shared instance of singleton bean 'jdbcConnectionDetailsHikariBeanPostProcessor'
2024-04-09T07:50:04.982+01:00 DEBUG 669164 --- [           main] o.s.b.f.s.DefaultListableBeanFactory     : Creating shared instance of singleton bean 'org.springframework.boot.context.properties.ConfigurationPropertiesBindingPostProcessor'
2024-04-09T07:50:04.982+01:00 DEBUG 669164 --- [           main] o.s.b.f.s.DefaultListableBeanFactory     : Creating shared instance of singleton bean 'org.springframework.boot.context.internalConfigurationPropertiesBinder'
2024-04-09T07:50:04.986+01:00 DEBUG 669164 --- [           main] o.s.b.f.s.DefaultListableBeanFactory     : Creating shared instance of singleton bean 'org.springframework.aop.config.internalAutoProxyCreator'
2024-04-09T07:50:05.000+01:00 DEBUG 669164 --- [           main] o.s.b.f.s.DefaultListableBeanFactory     : Creating shared instance of singleton bean 'dataSourceScriptDatabaseInitializer'
2024-04-09T07:50:05.000+01:00 DEBUG 669164 --- [           main] o.s.b.f.s.DefaultListableBeanFactory     : Creating shared instance of singleton bean 'org.springframework.boot.autoconfigure.sql.init.DataSourceInitializationConfiguration'
2024-04-09T07:50:05.002+01:00 DEBUG 669164 --- [           main] o.s.b.f.s.DefaultListableBeanFactory     : Creating shared instance of singleton bean 'org.springframework.transaction.config.internalTransactionAdvisor'
2024-04-09T07:50:05.002+01:00 DEBUG 669164 --- [           main] o.s.b.f.s.DefaultListableBeanFactory     : Creating shared instance of singleton bean 'org.springframework.transaction.annotation.ProxyTransactionManagementConfiguration'
2024-04-09T07:50:05.009+01:00 DEBUG 669164 --- [           main] o.s.b.f.s.DefaultListableBeanFactory     : Creating shared instance of singleton bean 'transactionAttributeSource'
2024-04-09T07:50:05.010+01:00 DEBUG 669164 --- [           main] o.s.b.f.s.DefaultListableBeanFactory     : Creating shared instance of singleton bean 'transactionInterceptor'
2024-04-09T07:50:05.011+01:00 DEBUG 669164 --- [           main] o.s.b.f.s.DefaultListableBeanFactory     : Autowiring by type from bean name 'transactionInterceptor' via factory method to bean named 'transactionAttributeSource'
2024-04-09T07:50:05.019+01:00 DEBUG 669164 --- [           main] o.s.b.f.s.DefaultListableBeanFactory     : Autowiring by type from bean name 'org.springframework.transaction.config.internalTransactionAdvisor' via factory method to bean named 'transactionAttributeSource'
2024-04-09T07:50:05.019+01:00 DEBUG 669164 --- [           main] o.s.b.f.s.DefaultListableBeanFactory     : Autowiring by type from bean name 'org.springframework.transaction.config.internalTransactionAdvisor' via factory method to bean named 'transactionInterceptor'
2024-04-09T07:50:05.025+01:00 DEBUG 669164 --- [           main] o.s.b.f.s.DefaultListableBeanFactory     : Creating shared instance of singleton bean 'dataSource'
2024-04-09T07:50:05.043+01:00  INFO 669164 --- [           main] o.s.j.d.e.EmbeddedDatabaseFactory        : Starting embedded database: url='jdbc:h2:mem:f49eb3a7-5b56-497e-8603-39c0960067fd;DB_CLOSE_DELAY=-1;DB_CLOSE_ON_EXIT=false', username='sa'
2024-04-09T07:50:05.049+01:00 DEBUG 669164 --- [           main] o.s.jdbc.datasource.DataSourceUtils      : Fetching JDBC Connection from DataSource
2024-04-09T07:50:05.049+01:00 DEBUG 669164 --- [           main] o.s.j.datasource.SimpleDriverDataSource  : Creating new JDBC Driver Connection to [jdbc:h2:mem:f49eb3a7-5b56-497e-8603-39c0960067fd;DB_CLOSE_DELAY=-1;DB_CLOSE_ON_EXIT=false]
2024-04-09T07:50:05.420+01:00 DEBUG 669164 --- [           main] o.s.b.f.s.DefaultListableBeanFactory     : Creating shared instance of singleton bean 'spring.sql.init-org.springframework.boot.autoconfigure.sql.init.SqlInitializationProperties'
2024-04-09T07:50:05.421+01:00 DEBUG 669164 --- [           main] o.s.b.f.s.DefaultListableBeanFactory     : Creating shared instance of singleton bean 'org.springframework.boot.context.properties.BoundConfigurationProperties'
2024-04-09T07:50:05.440+01:00 DEBUG 669164 --- [           main] o.s.b.f.s.DefaultListableBeanFactory     : Autowiring by type from bean name 'dataSourceScriptDatabaseInitializer' via factory method to bean named 'dataSource'
2024-04-09T07:50:05.440+01:00 DEBUG 669164 --- [           main] o.s.b.f.s.DefaultListableBeanFactory     : Autowiring by type from bean name 'dataSourceScriptDatabaseInitializer' via factory method to bean named 'spring.sql.init-org.springframework.boot.autoconfigure.sql.init.SqlInitializationProperties'
2024-04-09T07:50:05.447+01:00 DEBUG 669164 --- [           main] o.s.b.f.s.DefaultListableBeanFactory     : Creating shared instance of singleton bean 'entityManagerFactory'
2024-04-09T07:50:05.447+01:00 DEBUG 669164 --- [           main] o.s.b.f.s.DefaultListableBeanFactory     : Creating shared instance of singleton bean 'org.springframework.boot.autoconfigure.orm.jpa.HibernateJpaConfiguration'
2024-04-09T07:50:05.448+01:00 DEBUG 669164 --- [           main] o.s.b.f.s.DefaultListableBeanFactory     : Creating shared instance of singleton bean 'spring.jpa-org.springframework.boot.autoconfigure.orm.jpa.JpaProperties'
2024-04-09T07:50:05.455+01:00 DEBUG 669164 --- [           main] o.s.b.f.s.DefaultListableBeanFactory     : Creating shared instance of singleton bean 'spring.jpa.hibernate-org.springframework.boot.autoconfigure.orm.jpa.HibernateProperties'
2024-04-09T07:50:05.458+01:00 DEBUG 669164 --- [           main] o.s.b.f.s.DefaultListableBeanFactory     : Autowiring by type from bean name 'org.springframework.boot.autoconfigure.orm.jpa.HibernateJpaConfiguration' via constructor to bean named 'dataSource'
2024-04-09T07:50:05.459+01:00 DEBUG 669164 --- [           main] o.s.b.f.s.DefaultListableBeanFactory     : Autowiring by type from bean name 'org.springframework.boot.autoconfigure.orm.jpa.HibernateJpaConfiguration' via constructor to bean named 'spring.jpa-org.springframework.boot.autoconfigure.orm.jpa.JpaProperties'
2024-04-09T07:50:05.459+01:00 DEBUG 669164 --- [           main] o.s.b.f.s.DefaultListableBeanFactory     : Autowiring by type from bean name 'org.springframework.boot.autoconfigure.orm.jpa.HibernateJpaConfiguration' via constructor to bean named 'org.springframework.beans.factory.support.DefaultListableBeanFactory@2e40d8f9'
2024-04-09T07:50:05.459+01:00 DEBUG 669164 --- [           main] o.s.b.f.s.DefaultListableBeanFactory     : Autowiring by type from bean name 'org.springframework.boot.autoconfigure.orm.jpa.HibernateJpaConfiguration' via constructor to bean named 'spring.jpa.hibernate-org.springframework.boot.autoconfigure.orm.jpa.HibernateProperties'
2024-04-09T07:50:05.462+01:00 DEBUG 669164 --- [           main] o.s.b.f.s.DefaultListableBeanFactory     : Creating shared instance of singleton bean 'hikariPoolDataSourceMetadataProvider'
2024-04-09T07:50:05.463+01:00 DEBUG 669164 --- [           main] o.s.b.f.s.DefaultListableBeanFactory     : Creating shared instance of singleton bean 'org.springframework.boot.autoconfigure.jdbc.metadata.DataSourcePoolMetadataProvidersConfiguration$HikariPoolDataSourceMetadataProviderConfiguration'
2024-04-09T07:50:05.471+01:00 DEBUG 669164 --- [           main] o.s.b.f.s.DefaultListableBeanFactory     : Creating shared instance of singleton bean 'entityManagerFactoryBuilder'
2024-04-09T07:50:05.473+01:00 DEBUG 669164 --- [           main] o.s.b.f.s.DefaultListableBeanFactory     : Creating shared instance of singleton bean 'jpaVendorAdapter'
2024-04-09T07:50:05.500+01:00 DEBUG 669164 --- [           main] o.s.b.f.s.DefaultListableBeanFactory     : Autowiring by type from bean name 'entityManagerFactoryBuilder' via factory method to bean named 'jpaVendorAdapter'
2024-04-09T07:50:05.507+01:00 DEBUG 669164 --- [           main] o.s.b.f.s.DefaultListableBeanFactory     : Creating shared instance of singleton bean 'persistenceManagedTypes'
2024-04-09T07:50:05.508+01:00 DEBUG 669164 --- [           main] o.s.b.f.s.DefaultListableBeanFactory     : Autowiring by type from bean name 'persistenceManagedTypes' via factory method to bean named 'org.springframework.beans.factory.support.DefaultListableBeanFactory@2e40d8f9'
2024-04-09T07:50:05.508+01:00 DEBUG 669164 --- [           main] o.s.b.f.s.DefaultListableBeanFactory     : Autowiring by type from bean name 'persistenceManagedTypes' via factory method to bean named 'org.springframework.context.annotation.AnnotationConfigApplicationContext@480f24b1'
2024-04-09T07:50:05.518+01:00 DEBUG 669164 --- [           main] o.s.b.f.s.DefaultListableBeanFactory     : Autowiring by type from bean name 'entityManagerFactory' via factory method to bean named 'entityManagerFactoryBuilder'
2024-04-09T07:50:05.518+01:00 DEBUG 669164 --- [           main] o.s.b.f.s.DefaultListableBeanFactory     : Autowiring by type from bean name 'entityManagerFactory' via factory method to bean named 'persistenceManagedTypes'
2024-04-09T07:50:05.529+01:00 DEBUG 669164 --- [           main] o.s.jdbc.datasource.DataSourceUtils      : Fetching JDBC Connection from DataSource
2024-04-09T07:50:05.529+01:00 DEBUG 669164 --- [           main] o.s.j.datasource.SimpleDriverDataSource  : Creating new JDBC Driver Connection to [jdbc:h2:mem:f49eb3a7-5b56-497e-8603-39c0960067fd;DB_CLOSE_DELAY=-1;DB_CLOSE_ON_EXIT=false]
2024-04-09T07:50:05.563+01:00 DEBUG 669164 --- [           main] j.LocalContainerEntityManagerFactoryBean : Building JPA container EntityManagerFactory for persistence unit 'default'
2024-04-09T07:50:05.597+01:00  INFO 669164 --- [           main] o.hibernate.jpa.internal.util.LogHelper  : HHH000204: Processing PersistenceUnitInfo [name: default]
2024-04-09T07:50:05.681+01:00  INFO 669164 --- [           main] org.hibernate.Version                    : HHH000412: Hibernate ORM core version 6.2.9.Final
2024-04-09T07:50:05.684+01:00  INFO 669164 --- [           main] org.hibernate.cfg.Environment            : HHH000406: Using bytecode reflection optimizer
2024-04-09T07:50:05.864+01:00  INFO 669164 --- [           main] o.h.b.i.BytecodeProviderInitiator        : HHH000021: Bytecode provider name : bytebuddy
2024-04-09T07:50:05.875+01:00  INFO 669164 --- [           main] o.s.o.j.p.SpringPersistenceUnitInfo      : No LoadTimeWeaver setup: ignoring JPA class transformer
2024-04-09T07:50:05.896+01:00 DEBUG 669164 --- [           main] o.s.j.datasource.SimpleDriverDataSource  : Creating new JDBC Driver Connection to [jdbc:h2:mem:f49eb3a7-5b56-497e-8603-39c0960067fd;DB_CLOSE_DELAY=-1;DB_CLOSE_ON_EXIT=false]
2024-04-09T07:50:05.918+01:00  WARN 669164 --- [           main] org.hibernate.dialect.Dialect            : HHH000511: The 2.1.0 version for [org.hibernate.dialect.PostgreSQLDialect] is no longer supported, hence certain features may not work properly. The minimum supported version is 10.0.0. Check the community dialects project for available legacy versions.
2024-04-09T07:50:06.228+01:00  INFO 669164 --- [           main] o.h.b.i.BytecodeProviderInitiator        : HHH000021: Bytecode provider name : bytebuddy
2024-04-09T07:50:06.816+01:00  INFO 669164 --- [           main] o.h.e.t.j.p.i.JtaPlatformInitiator       : HHH000490: Using JtaPlatform implementation: [org.hibernate.engine.transaction.jta.platform.internal.NoJtaPlatform]
Hibernate: alter table if exists reservations drop constraint if exists FKhr010jlx5l5a7y9x9s51lw7m2
2024-04-09T07:50:06.837+01:00 DEBUG 669164 --- [           main] o.s.j.datasource.SimpleDriverDataSource  : Creating new JDBC Driver Connection to [jdbc:h2:mem:f49eb3a7-5b56-497e-8603-39c0960067fd;DB_CLOSE_DELAY=-1;DB_CLOSE_ON_EXIT=false]
Hibernate: drop table if exists reservations cascade
Hibernate: drop table if exists trips cascade
Hibernate: create table reservations (final_price float(53) not null, reservation_date timestamp(6) not null, trip_id bigint not null, currency varchar(255) not null, id varchar(255) not null, passenger_email varchar(255) not null, passenger_name varchar(255) not null, passenger_phone varchar(255) not null, payment_method varchar(255) not null, primary key (id))
2024-04-09T07:50:06.849+01:00 DEBUG 669164 --- [           main] o.s.j.datasource.SimpleDriverDataSource  : Creating new JDBC Driver Connection to [jdbc:h2:mem:f49eb3a7-5b56-497e-8603-39c0960067fd;DB_CLOSE_DELAY=-1;DB_CLOSE_ON_EXIT=false]
Hibernate: create table trips (arrival_time time(6) not null, available_seats integer not null, date date not null, departure_time time(6) not null, price_euro float(53) not null, id bigserial not null, bus_id varchar(255) not null, destination varchar(255) not null, duration varchar(255) not null, origin varchar(255) not null, primary key (id))
Hibernate: alter table if exists reservations add constraint FKhr010jlx5l5a7y9x9s51lw7m2 foreign key (trip_id) references trips
2024-04-09T07:50:06.882+01:00  INFO 669164 --- [           main] j.LocalContainerEntityManagerFactoryBean : Initialized JPA EntityManagerFactory for persistence unit 'default'
2024-04-09T07:50:06.885+01:00 DEBUG 669164 --- [           main] o.s.b.f.s.DefaultListableBeanFactory     : Creating shared instance of singleton bean 'busBookingApplication'
2024-04-09T07:50:06.887+01:00 DEBUG 669164 --- [           main] o.s.b.f.s.DefaultListableBeanFactory     : Creating shared instance of singleton bean 'org.springframework.boot.test.autoconfigure.jdbc.TestDatabaseAutoConfiguration'
2024-04-09T07:50:06.888+01:00 DEBUG 669164 --- [           main] o.s.b.f.s.DefaultListableBeanFactory     : Creating shared instance of singleton bean 'org.springframework.boot.autoconfigure.jdbc.DataSourceConfiguration$Hikari'
2024-04-09T07:50:06.888+01:00 DEBUG 669164 --- [           main] o.s.b.f.s.DefaultListableBeanFactory     : Creating shared instance of singleton bean 'org.springframework.boot.autoconfigure.jdbc.DataSourceAutoConfiguration$PooledDataSourceConfiguration'
2024-04-09T07:50:06.889+01:00 DEBUG 669164 --- [           main] o.s.b.f.s.DefaultListableBeanFactory     : Creating shared instance of singleton bean 'jdbcConnectionDetails'
2024-04-09T07:50:06.890+01:00 DEBUG 669164 --- [           main] o.s.b.f.s.DefaultListableBeanFactory     : Creating shared instance of singleton bean 'spring.datasource-org.springframework.boot.autoconfigure.jdbc.DataSourceProperties'
2024-04-09T07:50:06.895+01:00 DEBUG 669164 --- [           main] o.s.b.f.s.DefaultListableBeanFactory     : Autowiring by type from bean name 'jdbcConnectionDetails' via factory method to bean named 'spring.datasource-org.springframework.boot.autoconfigure.jdbc.DataSourceProperties'
2024-04-09T07:50:06.895+01:00 DEBUG 669164 --- [           main] o.s.b.f.s.DefaultListableBeanFactory     : Creating shared instance of singleton bean 'org.springframework.boot.autoconfigure.jdbc.metadata.DataSourcePoolMetadataProvidersConfiguration'
2024-04-09T07:50:06.896+01:00 DEBUG 669164 --- [           main] o.s.b.f.s.DefaultListableBeanFactory     : Creating shared instance of singleton bean 'org.springframework.boot.autoconfigure.jdbc.DataSourceAutoConfiguration'
2024-04-09T07:50:06.897+01:00 DEBUG 669164 --- [           main] o.s.b.f.s.DefaultListableBeanFactory     : Creating shared instance of singleton bean 'org.springframework.boot.context.properties.EnableConfigurationPropertiesRegistrar.methodValidationExcludeFilter'
2024-04-09T07:50:06.898+01:00 DEBUG 669164 --- [           main] o.s.b.f.s.DefaultListableBeanFactory     : Creating shared instance of singleton bean 'org.springframework.boot.autoconfigure.orm.jpa.JpaBaseConfiguration$PersistenceManagedTypesConfiguration'
2024-04-09T07:50:06.899+01:00 DEBUG 669164 --- [           main] o.s.b.f.s.DefaultListableBeanFactory     : Creating shared instance of singleton bean 'transactionManager'
2024-04-09T07:50:06.902+01:00 DEBUG 669164 --- [           main] o.s.b.f.s.DefaultListableBeanFactory     : Creating shared instance of singleton bean 'platformTransactionManagerCustomizers'
2024-04-09T07:50:06.903+01:00 DEBUG 669164 --- [           main] o.s.b.f.s.DefaultListableBeanFactory     : Creating shared instance of singleton bean 'org.springframework.boot.autoconfigure.transaction.TransactionAutoConfiguration'
2024-04-09T07:50:06.906+01:00 DEBUG 669164 --- [           main] o.s.b.f.s.DefaultListableBeanFactory     : Creating shared instance of singleton bean 'spring.transaction-org.springframework.boot.autoconfigure.transaction.TransactionProperties'
2024-04-09T07:50:06.922+01:00 DEBUG 669164 --- [           main] o.s.b.f.s.DefaultListableBeanFactory     : Creating shared instance of singleton bean 'org.springframework.boot.autoconfigure.orm.jpa.HibernateJpaAutoConfiguration'
2024-04-09T07:50:06.923+01:00 DEBUG 669164 --- [           main] o.s.b.f.s.DefaultListableBeanFactory     : Creating shared instance of singleton bean 'org.springframework.boot.autoconfigure.data.jpa.JpaRepositoriesAutoConfiguration'
2024-04-09T07:50:06.923+01:00 DEBUG 669164 --- [           main] o.s.b.f.s.DefaultListableBeanFactory     : Creating shared instance of singleton bean 'jpaSharedEM_entityManagerFactory'
2024-04-09T07:50:06.946+01:00 DEBUG 669164 --- [           main] o.s.b.f.s.DefaultListableBeanFactory     : Creating shared instance of singleton bean 'org.springframework.data.jpa.util.JpaMetamodelCacheCleanup'
2024-04-09T07:50:06.947+01:00 DEBUG 669164 --- [           main] o.s.b.f.s.DefaultListableBeanFactory     : Creating shared instance of singleton bean 'org.springframework.data.jpa.repository.support.JpaEvaluationContextExtension'
2024-04-09T07:50:06.951+01:00 DEBUG 669164 --- [           main] o.s.b.f.s.DefaultListableBeanFactory     : Creating shared instance of singleton bean 'jpa.named-queries#0'
2024-04-09T07:50:06.954+01:00 DEBUG 669164 --- [           main] o.s.b.f.s.DefaultListableBeanFactory     : Creating shared instance of singleton bean 'jpa.ReservationRepository.fragments#0'
2024-04-09T07:50:06.955+01:00 DEBUG 669164 --- [           main] o.s.b.f.s.DefaultListableBeanFactory     : Creating shared instance of singleton bean 'reservationRepository'
2024-04-09T07:50:06.976+01:00 DEBUG 669164 --- [           main] o.s.b.f.s.DefaultListableBeanFactory     : Creating shared instance of singleton bean 'jpaMappingContext'
2024-04-09T07:50:06.978+01:00 DEBUG 669164 --- [           main] .c.JpaMetamodelMappingContextFactoryBean : Initializing JpaMetamodelMappingContext…
2024-04-09T07:50:07.002+01:00 DEBUG 669164 --- [           main] .c.JpaMetamodelMappingContextFactoryBean : Finished initializing JpaMetamodelMappingContext
2024-04-09T07:50:07.035+01:00 DEBUG 669164 --- [           main] tor$SharedEntityManagerInvocationHandler : Creating new EntityManager for shared EntityManager invocation
2024-04-09T07:50:07.091+01:00 DEBUG 669164 --- [           main] tor$SharedEntityManagerInvocationHandler : Creating new EntityManager for shared EntityManager invocation
2024-04-09T07:50:07.140+01:00 DEBUG 669164 --- [           main] o.s.d.r.c.s.RepositoryFactorySupport     : Initializing repository instance for bus.booking.repositories.ReservationRepository…
2024-04-09T07:50:07.163+01:00 DEBUG 669164 --- [           main] tor$SharedEntityManagerInvocationHandler : Creating new EntityManager for shared EntityManager invocation
2024-04-09T07:50:07.219+01:00 DEBUG 669164 --- [           main] o.s.d.r.c.s.RepositoryFactorySupport     : Finished creation of repository instance for bus.booking.repositories.ReservationRepository.
2024-04-09T07:50:07.220+01:00 DEBUG 669164 --- [           main] o.s.b.f.s.DefaultListableBeanFactory     : Creating shared instance of singleton bean 'jpa.named-queries#1'
2024-04-09T07:50:07.221+01:00 DEBUG 669164 --- [           main] o.s.b.f.s.DefaultListableBeanFactory     : Creating shared instance of singleton bean 'jpa.TripRepository.fragments#0'
2024-04-09T07:50:07.222+01:00 DEBUG 669164 --- [           main] o.s.b.f.s.DefaultListableBeanFactory     : Creating shared instance of singleton bean 'tripRepository'
2024-04-09T07:50:07.223+01:00 DEBUG 669164 --- [           main] tor$SharedEntityManagerInvocationHandler : Creating new EntityManager for shared EntityManager invocation
2024-04-09T07:50:07.224+01:00 DEBUG 669164 --- [           main] o.s.d.r.c.s.RepositoryFactorySupport     : Initializing repository instance for bus.booking.repositories.TripRepository…
2024-04-09T07:50:07.225+01:00 DEBUG 669164 --- [           main] tor$SharedEntityManagerInvocationHandler : Creating new EntityManager for shared EntityManager invocation
2024-04-09T07:50:07.260+01:00 DEBUG 669164 --- [           main] o.s.d.jpa.repository.query.NamedQuery    : Looking up named query Trip.findByOriginAndDestinationAndDate
2024-04-09T07:50:07.263+01:00 DEBUG 669164 --- [           main] o.s.d.jpa.repository.query.NamedQuery    : Did not find named query Trip.findByOriginAndDestinationAndDate
2024-04-09T07:50:07.267+01:00 DEBUG 669164 --- [           main] tor$SharedEntityManagerInvocationHandler : Creating new EntityManager for shared EntityManager invocation
2024-04-09T07:50:07.323+01:00 DEBUG 669164 --- [           main] o.s.d.r.c.s.RepositoryFactorySupport     : Finished creation of repository instance for bus.booking.repositories.TripRepository.
2024-04-09T07:50:07.323+01:00 DEBUG 669164 --- [           main] o.s.b.f.s.DefaultListableBeanFactory     : Creating shared instance of singleton bean 'data-jpa.repository-aot-processor#0'
2024-04-09T07:50:07.327+01:00 DEBUG 669164 --- [           main] o.s.b.f.s.DefaultListableBeanFactory     : Creating shared instance of singleton bean 'org.springframework.boot.autoconfigure.jdbc.JdbcTemplateConfiguration'
2024-04-09T07:50:07.328+01:00 DEBUG 669164 --- [           main] o.s.b.f.s.DefaultListableBeanFactory     : Creating shared instance of singleton bean 'jdbcTemplate'
2024-04-09T07:50:07.328+01:00 DEBUG 669164 --- [           main] o.s.b.f.s.DefaultListableBeanFactory     : Creating shared instance of singleton bean 'spring.jdbc-org.springframework.boot.autoconfigure.jdbc.JdbcProperties'
2024-04-09T07:50:07.330+01:00 DEBUG 669164 --- [           main] o.s.b.f.s.DefaultListableBeanFactory     : Autowiring by type from bean name 'jdbcTemplate' via factory method to bean named 'dataSource'
2024-04-09T07:50:07.330+01:00 DEBUG 669164 --- [           main] o.s.b.f.s.DefaultListableBeanFactory     : Autowiring by type from bean name 'jdbcTemplate' via factory method to bean named 'spring.jdbc-org.springframework.boot.autoconfigure.jdbc.JdbcProperties'
2024-04-09T07:50:07.343+01:00 DEBUG 669164 --- [           main] o.s.b.f.s.DefaultListableBeanFactory     : Creating shared instance of singleton bean 'org.springframework.boot.autoconfigure.jdbc.NamedParameterJdbcTemplateConfiguration'
2024-04-09T07:50:07.344+01:00 DEBUG 669164 --- [           main] o.s.b.f.s.DefaultListableBeanFactory     : Creating shared instance of singleton bean 'namedParameterJdbcTemplate'
2024-04-09T07:50:07.344+01:00 DEBUG 669164 --- [           main] o.s.b.f.s.DefaultListableBeanFactory     : Autowiring by type from bean name 'namedParameterJdbcTemplate' via factory method to bean named 'jdbcTemplate'
2024-04-09T07:50:07.349+01:00 DEBUG 669164 --- [           main] o.s.b.f.s.DefaultListableBeanFactory     : Creating shared instance of singleton bean 'org.springframework.boot.autoconfigure.jdbc.JdbcTemplateAutoConfiguration'
2024-04-09T07:50:07.350+01:00 DEBUG 669164 --- [           main] o.s.b.f.s.DefaultListableBeanFactory     : Creating shared instance of singleton bean 'org.springframework.boot.autoconfigure.sql.init.SqlInitializationAutoConfiguration'
2024-04-09T07:50:07.350+01:00 DEBUG 669164 --- [           main] o.s.b.f.s.DefaultListableBeanFactory     : Creating shared instance of singleton bean 'org.springframework.boot.autoconfigure.jdbc.DataSourceTransactionManagerAutoConfiguration$JdbcTransactionManagerConfiguration'
2024-04-09T07:50:07.351+01:00 DEBUG 669164 --- [           main] o.s.b.f.s.DefaultListableBeanFactory     : Creating shared instance of singleton bean 'org.springframework.boot.autoconfigure.jdbc.DataSourceTransactionManagerAutoConfiguration'
2024-04-09T07:50:07.352+01:00 DEBUG 669164 --- [           main] o.s.b.f.s.DefaultListableBeanFactory     : Creating shared instance of singleton bean 'org.springframework.boot.autoconfigure.transaction.TransactionAutoConfiguration$EnableTransactionManagementConfiguration$CglibAutoProxyConfiguration'
2024-04-09T07:50:07.352+01:00 DEBUG 669164 --- [           main] o.s.b.f.s.DefaultListableBeanFactory     : Creating shared instance of singleton bean 'org.springframework.boot.autoconfigure.transaction.TransactionAutoConfiguration$EnableTransactionManagementConfiguration'
2024-04-09T07:50:07.352+01:00 DEBUG 669164 --- [           main] o.s.b.f.s.DefaultListableBeanFactory     : Creating shared instance of singleton bean 'org.springframework.boot.autoconfigure.transaction.TransactionAutoConfiguration$TransactionTemplateConfiguration'
2024-04-09T07:50:07.353+01:00 DEBUG 669164 --- [           main] o.s.b.f.s.DefaultListableBeanFactory     : Creating shared instance of singleton bean 'transactionTemplate'
2024-04-09T07:50:07.353+01:00 DEBUG 669164 --- [           main] o.s.b.f.s.DefaultListableBeanFactory     : Autowiring by type from bean name 'transactionTemplate' via factory method to bean named 'transactionManager'
2024-04-09T07:50:07.355+01:00 DEBUG 669164 --- [           main] o.s.b.f.s.DefaultListableBeanFactory     : Creating shared instance of singleton bean 'org.springframework.boot.test.autoconfigure.orm.jpa.TestEntityManagerAutoConfiguration'
2024-04-09T07:50:07.356+01:00 DEBUG 669164 --- [           main] o.s.b.f.s.DefaultListableBeanFactory     : Creating shared instance of singleton bean 'testEntityManager'
2024-04-09T07:50:07.356+01:00 DEBUG 669164 --- [           main] o.s.b.f.s.DefaultListableBeanFactory     : Autowiring by type from bean name 'testEntityManager' via factory method to bean named 'entityManagerFactory'
2024-04-09T07:50:07.364+01:00 DEBUG 669164 --- [           main] o.s.c.support.DefaultLifecycleProcessor  : Starting beans in phase -2147483647
2024-04-09T07:50:07.365+01:00 DEBUG 669164 --- [           main] o.s.c.support.DefaultLifecycleProcessor  : Successfully started bean 'springBootLoggingLifecycle'
2024-04-09T07:50:07.370+01:00 DEBUG 669164 --- [           main] .s.b.a.l.ConditionEvaluationReportLogger : 


============================
CONDITIONS EVALUATION REPORT
============================


Positive matches:
-----------------

   DataSourceAutoConfiguration matched:
      - @ConditionalOnClass found required classes 'javax.sql.DataSource', 'org.springframework.jdbc.datasource.embedded.EmbeddedDatabaseType' (OnClassCondition)
      - @ConditionalOnMissingBean (types: io.r2dbc.spi.ConnectionFactory; SearchStrategy: all) did not find any beans (OnBeanCondition)

   DataSourceAutoConfiguration.PooledDataSourceConfiguration matched:
      - AnyNestedCondition 1 matched 1 did not; NestedCondition on DataSourceAutoConfiguration.PooledDataSourceCondition.PooledDataSourceAvailable PooledDataSource found supported DataSource; NestedCondition on DataSourceAutoConfiguration.PooledDataSourceCondition.ExplicitType @ConditionalOnProperty (spring.datasource.type) did not find property 'type' (DataSourceAutoConfiguration.PooledDataSourceCondition)
      - @ConditionalOnMissingBean (types: javax.sql.DataSource,javax.sql.XADataSource; SearchStrategy: all) did not find any beans (OnBeanCondition)

   DataSourceAutoConfiguration.PooledDataSourceConfiguration#jdbcConnectionDetails matched:
      - @ConditionalOnMissingBean (types: org.springframework.boot.autoconfigure.jdbc.JdbcConnectionDetails; SearchStrategy: all) did not find any beans (OnBeanCondition)

   DataSourceConfiguration.Hikari matched:
      - @ConditionalOnClass found required class 'com.zaxxer.hikari.HikariDataSource' (OnClassCondition)
      - @ConditionalOnProperty (spring.datasource.type=com.zaxxer.hikari.HikariDataSource) matched (OnPropertyCondition)
      - @ConditionalOnMissingBean (types: javax.sql.DataSource; SearchStrategy: all) did not find any beans (OnBeanCondition)

   DataSourceInitializationConfiguration matched:
      - @ConditionalOnClass found required class 'org.springframework.jdbc.datasource.init.DatabasePopulator' (OnClassCondition)
      - @ConditionalOnSingleCandidate (types: javax.sql.DataSource; SearchStrategy: all) found a single bean 'dataSource'; @ConditionalOnMissingBean (types: org.springframework.boot.autoconfigure.sql.init.SqlDataSourceScriptDatabaseInitializer,org.springframework.boot.autoconfigure.sql.init.SqlR2dbcScriptDatabaseInitializer; SearchStrategy: all) did not find any beans (OnBeanCondition)

   DataSourcePoolMetadataProvidersConfiguration.HikariPoolDataSourceMetadataProviderConfiguration matched:
      - @ConditionalOnClass found required class 'com.zaxxer.hikari.HikariDataSource' (OnClassCondition)

   DataSourceTransactionManagerAutoConfiguration matched:
      - @ConditionalOnClass found required classes 'org.springframework.jdbc.core.JdbcTemplate', 'org.springframework.transaction.TransactionManager' (OnClassCondition)

   DataSourceTransactionManagerAutoConfiguration.JdbcTransactionManagerConfiguration matched:
      - @ConditionalOnSingleCandidate (types: javax.sql.DataSource; SearchStrategy: all) found a single bean 'dataSource' (OnBeanCondition)

   HibernateJpaAutoConfiguration matched:
      - @ConditionalOnClass found required classes 'org.springframework.orm.jpa.LocalContainerEntityManagerFactoryBean', 'jakarta.persistence.EntityManager', 'org.hibernate.engine.spi.SessionImplementor' (OnClassCondition)

   HibernateJpaConfiguration matched:
      - @ConditionalOnSingleCandidate (types: javax.sql.DataSource; SearchStrategy: all) found a single bean 'dataSource' (OnBeanCondition)

   JdbcTemplateAutoConfiguration matched:
      - @ConditionalOnClass found required classes 'javax.sql.DataSource', 'org.springframework.jdbc.core.JdbcTemplate' (OnClassCondition)
      - @ConditionalOnSingleCandidate (types: javax.sql.DataSource; SearchStrategy: all) found a single bean 'dataSource' (OnBeanCondition)

   JdbcTemplateConfiguration matched:
      - @ConditionalOnMissingBean (types: org.springframework.jdbc.core.JdbcOperations; SearchStrategy: all) did not find any beans (OnBeanCondition)

   JpaBaseConfiguration#entityManagerFactory matched:
      - @ConditionalOnMissingBean (types: org.springframework.orm.jpa.LocalContainerEntityManagerFactoryBean,jakarta.persistence.EntityManagerFactory; SearchStrategy: all) did not find any beans (OnBeanCondition)

   JpaBaseConfiguration#entityManagerFactoryBuilder matched:
      - @ConditionalOnMissingBean (types: org.springframework.boot.orm.jpa.EntityManagerFactoryBuilder; SearchStrategy: all) did not find any beans (OnBeanCondition)

   JpaBaseConfiguration#jpaVendorAdapter matched:
      - @ConditionalOnMissingBean (types: org.springframework.orm.jpa.JpaVendorAdapter; SearchStrategy: all) did not find any beans (OnBeanCondition)

   JpaBaseConfiguration#transactionManager matched:
      - @ConditionalOnMissingBean (types: org.springframework.transaction.TransactionManager; SearchStrategy: all) did not find any beans (OnBeanCondition)

   JpaBaseConfiguration.PersistenceManagedTypesConfiguration matched:
      - @ConditionalOnMissingBean (types: org.springframework.orm.jpa.LocalContainerEntityManagerFactoryBean,jakarta.persistence.EntityManagerFactory; SearchStrategy: all) did not find any beans (OnBeanCondition)

   JpaBaseConfiguration.PersistenceManagedTypesConfiguration#persistenceManagedTypes matched:
      - @ConditionalOnMissingBean (types: org.springframework.orm.jpa.persistenceunit.PersistenceManagedTypes; SearchStrategy: all) did not find any beans (OnBeanCondition)

   JpaRepositoriesAutoConfiguration matched:
      - @ConditionalOnClass found required class 'org.springframework.data.jpa.repository.JpaRepository' (OnClassCondition)
      - @ConditionalOnProperty (spring.data.jpa.repositories.enabled=true) matched (OnPropertyCondition)
      - @ConditionalOnBean (types: javax.sql.DataSource; SearchStrategy: all) found bean 'dataSource'; @ConditionalOnMissingBean (types: org.springframework.data.jpa.repository.support.JpaRepositoryFactoryBean,org.springframework.data.jpa.repository.config.JpaRepositoryConfigExtension; SearchStrategy: all) did not find any beans (OnBeanCondition)

   NamedParameterJdbcTemplateConfiguration matched:
      - @ConditionalOnSingleCandidate (types: org.springframework.jdbc.core.JdbcTemplate; SearchStrategy: all) found a single bean 'jdbcTemplate'; @ConditionalOnMissingBean (types: org.springframework.jdbc.core.namedparam.NamedParameterJdbcOperations; SearchStrategy: all) did not find any beans (OnBeanCondition)

   NoOpCacheConfiguration matched:
      - Cache org.springframework.boot.autoconfigure.cache.NoOpCacheConfiguration NONE cache type (CacheCondition)

   SqlInitializationAutoConfiguration matched:
      - @ConditionalOnProperty (spring.sql.init.enabled) matched (OnPropertyCondition)
      - NoneNestedConditions 0 matched 1 did not; NestedCondition on SqlInitializationAutoConfiguration.SqlInitializationModeCondition.ModeIsNever @ConditionalOnProperty (spring.sql.init.mode=never) did not find property 'mode' (SqlInitializationAutoConfiguration.SqlInitializationModeCondition)

   TestDatabaseAutoConfiguration#embeddedDataSourceBeanFactoryPostProcessor matched:
      - @ConditionalOnProperty (spring.test.database.replace=ANY) matched (OnPropertyCondition)

   TestEntityManagerAutoConfiguration matched:
      - @ConditionalOnClass found required class 'jakarta.persistence.EntityManagerFactory' (OnClassCondition)

   TestEntityManagerAutoConfiguration#testEntityManager matched:
      - @ConditionalOnMissingBean (types: org.springframework.boot.test.autoconfigure.orm.jpa.TestEntityManager; SearchStrategy: all) did not find any beans (OnBeanCondition)

   TransactionAutoConfiguration matched:
      - @ConditionalOnClass found required class 'org.springframework.transaction.PlatformTransactionManager' (OnClassCondition)

   TransactionAutoConfiguration#platformTransactionManagerCustomizers matched:
      - @ConditionalOnMissingBean (types: org.springframework.boot.autoconfigure.transaction.TransactionManagerCustomizers; SearchStrategy: all) did not find any beans (OnBeanCondition)

   TransactionAutoConfiguration.EnableTransactionManagementConfiguration matched:
      - @ConditionalOnBean (types: org.springframework.transaction.TransactionManager; SearchStrategy: all) found bean 'transactionManager'; @ConditionalOnMissingBean (types: org.springframework.transaction.annotation.AbstractTransactionManagementConfiguration; SearchStrategy: all) did not find any beans (OnBeanCondition)

   TransactionAutoConfiguration.EnableTransactionManagementConfiguration.CglibAutoProxyConfiguration matched:
      - @ConditionalOnProperty (spring.aop.proxy-target-class=true) matched (OnPropertyCondition)

   TransactionAutoConfiguration.TransactionTemplateConfiguration matched:
      - @ConditionalOnSingleCandidate (types: org.springframework.transaction.PlatformTransactionManager; SearchStrategy: all) found a single bean 'transactionManager' (OnBeanCondition)

   TransactionAutoConfiguration.TransactionTemplateConfiguration#transactionTemplate matched:
      - @ConditionalOnMissingBean (types: org.springframework.transaction.support.TransactionOperations; SearchStrategy: all) did not find any beans (OnBeanCondition)


Negative matches:
-----------------

   Cache2kCacheConfiguration:
      Did not match:
         - @ConditionalOnClass did not find required class 'org.cache2k.Cache2kBuilder' (OnClassCondition)

   CacheAutoConfiguration:
      Did not match:
         - @ConditionalOnBean (types: org.springframework.cache.interceptor.CacheAspectSupport; SearchStrategy: all) did not find any beans of type org.springframework.cache.interceptor.CacheAspectSupport (OnBeanCondition)
      Matched:
         - @ConditionalOnClass found required class 'org.springframework.cache.CacheManager' (OnClassCondition)

   CacheAutoConfiguration.CacheManagerEntityManagerFactoryDependsOnPostProcessor:
      Did not match:
         - Ancestor org.springframework.boot.autoconfigure.cache.CacheAutoConfiguration did not match (ConditionEvaluationReport.AncestorsMatchedCondition)
      Matched:
         - @ConditionalOnClass found required class 'org.springframework.orm.jpa.LocalContainerEntityManagerFactoryBean' (OnClassCondition)

   CaffeineCacheConfiguration:
      Did not match:
         - @ConditionalOnClass did not find required class 'com.github.benmanes.caffeine.cache.Caffeine' (OnClassCondition)

   CouchbaseCacheConfiguration:
      Did not match:
         - @ConditionalOnClass did not find required class 'com.couchbase.client.java.Cluster' (OnClassCondition)

   DataSourceAutoConfiguration.EmbeddedDatabaseConfiguration:
      Did not match:
         - EmbeddedDataSource spring.datasource.url is set (DataSourceAutoConfiguration.EmbeddedDatabaseCondition)

   DataSourceConfiguration.Dbcp2:
      Did not match:
         - @ConditionalOnClass did not find required class 'org.apache.commons.dbcp2.BasicDataSource' (OnClassCondition)

   DataSourceConfiguration.Generic:
      Did not match:
         - @ConditionalOnProperty (spring.datasource.type) did not find property 'spring.datasource.type' (OnPropertyCondition)

   DataSourceConfiguration.OracleUcp:
      Did not match:
         - @ConditionalOnClass did not find required classes 'oracle.ucp.jdbc.PoolDataSourceImpl', 'oracle.jdbc.OracleConnection' (OnClassCondition)

   DataSourceConfiguration.Tomcat:
      Did not match:
         - @ConditionalOnClass did not find required class 'org.apache.tomcat.jdbc.pool.DataSource' (OnClassCondition)

   DataSourceJmxConfiguration:
      Did not match:
         - @ConditionalOnProperty (spring.jmx.enabled=true) found different value in property 'enabled' (OnPropertyCondition)

   DataSourcePoolMetadataProvidersConfiguration.CommonsDbcp2PoolDataSourceMetadataProviderConfiguration:
      Did not match:
         - @ConditionalOnClass did not find required class 'org.apache.commons.dbcp2.BasicDataSource' (OnClassCondition)

   DataSourcePoolMetadataProvidersConfiguration.OracleUcpPoolDataSourceMetadataProviderConfiguration:
      Did not match:
         - @ConditionalOnClass did not find required classes 'oracle.ucp.jdbc.PoolDataSource', 'oracle.jdbc.OracleConnection' (OnClassCondition)

   DataSourcePoolMetadataProvidersConfiguration.TomcatDataSourcePoolMetadataProviderConfiguration:
      Did not match:
         - @ConditionalOnClass did not find required class 'org.apache.tomcat.jdbc.pool.DataSource' (OnClassCondition)

   DataSourceTransactionManagerAutoConfiguration.JdbcTransactionManagerConfiguration#transactionManager:
      Did not match:
         - @ConditionalOnMissingBean (types: org.springframework.transaction.TransactionManager; SearchStrategy: all) found beans of type 'org.springframework.transaction.TransactionManager' transactionManager (OnBeanCondition)

   FlywayAutoConfiguration:
      Did not match:
         - @ConditionalOnClass did not find required class 'org.flywaydb.core.Flyway' (OnClassCondition)

   GenericCacheConfiguration:
      Did not match:
         - Cache org.springframework.boot.autoconfigure.cache.GenericCacheConfiguration unknown cache type (CacheCondition)

   HazelcastCacheConfiguration:
      Did not match:
         - @ConditionalOnClass did not find required class 'com.hazelcast.core.HazelcastInstance' (OnClassCondition)

   InfinispanCacheConfiguration:
      Did not match:
         - @ConditionalOnClass did not find required class 'org.infinispan.spring.embedded.provider.SpringEmbeddedCacheManager' (OnClassCondition)

   JCacheCacheConfiguration:
      Did not match:
         - @ConditionalOnClass did not find required class 'javax.cache.Caching' (OnClassCondition)

   JpaBaseConfiguration.JpaWebConfiguration:
      Did not match:
         - not a servlet web application (OnWebApplicationCondition)
      Matched:
         - @ConditionalOnClass found required class 'org.springframework.web.servlet.config.annotation.WebMvcConfigurer' (OnClassCondition)

   JpaRepositoriesAutoConfiguration#entityManagerFactoryBootstrapExecutorCustomizer:
      Did not match:
         - AnyNestedCondition 0 matched 2 did not; NestedCondition on JpaRepositoriesAutoConfiguration.BootstrapExecutorCondition.LazyBootstrapMode @ConditionalOnProperty (spring.data.jpa.repositories.bootstrap-mode=lazy) found different value in property 'bootstrap-mode'; NestedCondition on JpaRepositoriesAutoConfiguration.BootstrapExecutorCondition.DeferredBootstrapMode @ConditionalOnProperty (spring.data.jpa.repositories.bootstrap-mode=deferred) found different value in property 'bootstrap-mode' (JpaRepositoriesAutoConfiguration.BootstrapExecutorCondition)

   LiquibaseAutoConfiguration:
      Did not match:
         - @ConditionalOnClass did not find required class 'liquibase.change.DatabaseChange' (OnClassCondition)

   R2dbcInitializationConfiguration:
      Did not match:
         - @ConditionalOnClass did not find required classes 'io.r2dbc.spi.ConnectionFactory', 'org.springframework.r2dbc.connection.init.DatabasePopulator' (OnClassCondition)

   RedisCacheConfiguration:
      Did not match:
         - @ConditionalOnClass did not find required class 'org.springframework.data.redis.connection.RedisConnectionFactory' (OnClassCondition)

   SimpleCacheConfiguration:
      Did not match:
         - Cache org.springframework.boot.autoconfigure.cache.SimpleCacheConfiguration unknown cache type (CacheCondition)

   TestDatabaseAutoConfiguration#dataSource:
      Did not match:
         - @ConditionalOnProperty (spring.test.database.replace=AUTO_CONFIGURED) did not find property 'replace' (OnPropertyCondition)

   TransactionAutoConfiguration#transactionalOperator:
      Did not match:
         - @ConditionalOnSingleCandidate (types: org.springframework.transaction.ReactiveTransactionManager; SearchStrategy: all) did not find any beans (OnBeanCondition)

   TransactionAutoConfiguration.EnableTransactionManagementConfiguration.JdkDynamicAutoProxyConfiguration:
      Did not match:
         - @ConditionalOnProperty (spring.aop.proxy-target-class=false) did not find property 'proxy-target-class' (OnPropertyCondition)


Exclusions:
-----------

    None


Unconditional classes:
----------------------

    org.springframework.boot.test.autoconfigure.jdbc.TestDatabaseAutoConfiguration



2024-04-09T07:50:07.371+01:00  INFO 669164 --- [           main] bus.booking.RepositoryTest               : Started RepositoryTest in 3.557 seconds (process running for 16.166)
2024-04-09T07:50:07.374+01:00 DEBUG 669164 --- [           main] o.s.boot.devtools.restart.Restarter      : Creating new Restarter for thread Thread[#1,main,5,main]
2024-04-09T07:50:07.376+01:00 DEBUG 669164 --- [           main] org.springframework.test.context.cache   : Spring test ApplicationContext cache statistics: [DefaultContextCache@47260109 size = 1, maxSize = 32, parentContextCount = 0, hitCount = 0, missCount = 1]
2024-04-09T07:50:07.381+01:00 DEBUG 669164 --- [           main] org.springframework.test.context.cache   : Spring test ApplicationContext cache statistics: [DefaultContextCache@47260109 size = 1, maxSize = 32, parentContextCount = 0, hitCount = 1, missCount = 1]
2024-04-09T07:50:07.383+01:00 DEBUG 669164 --- [           main] sContextBeforeModesTestExecutionListener : Before test method: class [RepositoryTest], method [testReservationRepository], class annotated with @DirtiesContext [false] with mode [null], method annotated with @DirtiesContext [false] with mode [null]
2024-04-09T07:50:07.390+01:00 DEBUG 669164 --- [           main] t.c.t.TransactionalTestExecutionListener : Explicit transaction definition [PROPAGATION_REQUIRED,ISOLATION_DEFAULT] found for test class [bus.booking.RepositoryTest] and test method [testReservationRepository]
2024-04-09T07:50:07.390+01:00 DEBUG 669164 --- [           main] org.springframework.test.context.cache   : Spring test ApplicationContext cache statistics: [DefaultContextCache@47260109 size = 1, maxSize = 32, parentContextCount = 0, hitCount = 2, missCount = 1]
2024-04-09T07:50:07.392+01:00 DEBUG 669164 --- [           main] t.c.t.TransactionalTestExecutionListener : No method-level @Rollback override: using default rollback [true] for test method [void bus.booking.RepositoryTest.testReservationRepository() throws java.text.ParseException]
2024-04-09T07:50:07.394+01:00 DEBUG 669164 --- [           main] o.s.orm.jpa.JpaTransactionManager        : Creating new transaction with name [bus.booking.RepositoryTest.testReservationRepository]: PROPAGATION_REQUIRED,ISOLATION_DEFAULT
2024-04-09T07:50:07.395+01:00 DEBUG 669164 --- [           main] o.s.orm.jpa.JpaTransactionManager        : Opened new EntityManager [SessionImpl(534253640<open>)] for JPA transaction
2024-04-09T07:50:07.400+01:00 DEBUG 669164 --- [           main] o.s.j.datasource.SimpleDriverDataSource  : Creating new JDBC Driver Connection to [jdbc:h2:mem:f49eb3a7-5b56-497e-8603-39c0960067fd;DB_CLOSE_DELAY=-1;DB_CLOSE_ON_EXIT=false]
2024-04-09T07:50:07.404+01:00 DEBUG 669164 --- [           main] o.s.orm.jpa.JpaTransactionManager        : Exposing JPA transaction as JDBC [org.springframework.orm.jpa.vendor.HibernateJpaDialect$HibernateConnectionHandle@1d4aa278]
2024-04-09T07:50:07.405+01:00 DEBUG 669164 --- [           main] o.s.t.c.transaction.TransactionContext   : Began transaction (1) for test class [bus.booking.RepositoryTest]; test method [testReservationRepository]; transaction manager [org.springframework.orm.jpa.JpaTransactionManager@43fb9456]; rollback [true]
2024-04-09T07:50:07.409+01:00 DEBUG 669164 --- [           main] org.springframework.test.context.cache   : Spring test ApplicationContext cache statistics: [DefaultContextCache@47260109 size = 1, maxSize = 32, parentContextCount = 0, hitCount = 3, missCount = 1]
2024-04-09T07:50:07.410+01:00 DEBUG 669164 --- [           main] org.springframework.test.context.cache   : Spring test ApplicationContext cache statistics: [DefaultContextCache@47260109 size = 1, maxSize = 32, parentContextCount = 0, hitCount = 4, missCount = 1]
2024-04-09T07:50:07.413+01:00 DEBUG 669164 --- [           main] org.springframework.test.context.cache   : Spring test ApplicationContext cache statistics: [DefaultContextCache@47260109 size = 1, maxSize = 32, parentContextCount = 0, hitCount = 5, missCount = 1]
Hibernate: insert into trips (arrival_time,available_seats,bus_id,date,departure_time,destination,duration,origin,price_euro) values (?,?,?,?,?,?,?,?,?)
Hibernate: insert into reservations (currency,final_price,passenger_email,passenger_name,passenger_phone,payment_method,reservation_date,trip_id,id) values (?,?,?,?,?,?,?,?,?)
2024-04-09T07:50:07.529+01:00 DEBUG 669164 --- [           main] o.s.orm.jpa.JpaTransactionManager        : Found thread-bound EntityManager [SessionImpl(534253640<open>)] for JPA transaction
2024-04-09T07:50:07.529+01:00 DEBUG 669164 --- [           main] o.s.orm.jpa.JpaTransactionManager        : Participating in existing transaction
2024-04-09T07:50:07.551+01:00 DEBUG 669164 --- [           main] org.springframework.test.context.cache   : Spring test ApplicationContext cache statistics: [DefaultContextCache@47260109 size = 1, maxSize = 32, parentContextCount = 0, hitCount = 6, missCount = 1]
2024-04-09T07:50:07.552+01:00 DEBUG 669164 --- [           main] org.springframework.test.context.cache   : Spring test ApplicationContext cache statistics: [DefaultContextCache@47260109 size = 1, maxSize = 32, parentContextCount = 0, hitCount = 7, missCount = 1]
2024-04-09T07:50:07.552+01:00 DEBUG 669164 --- [           main] org.springframework.test.context.cache   : Spring test ApplicationContext cache statistics: [DefaultContextCache@47260109 size = 1, maxSize = 32, parentContextCount = 0, hitCount = 8, missCount = 1]
2024-04-09T07:50:07.554+01:00 DEBUG 669164 --- [           main] org.springframework.test.context.cache   : Spring test ApplicationContext cache statistics: [DefaultContextCache@47260109 size = 1, maxSize = 32, parentContextCount = 0, hitCount = 9, missCount = 1]
2024-04-09T07:50:07.555+01:00 DEBUG 669164 --- [           main] org.springframework.test.context.cache   : Spring test ApplicationContext cache statistics: [DefaultContextCache@47260109 size = 1, maxSize = 32, parentContextCount = 0, hitCount = 10, missCount = 1]
2024-04-09T07:50:07.556+01:00 DEBUG 669164 --- [           main] org.springframework.test.context.cache   : Spring test ApplicationContext cache statistics: [DefaultContextCache@47260109 size = 1, maxSize = 32, parentContextCount = 0, hitCount = 11, missCount = 1]
2024-04-09T07:50:07.557+01:00 DEBUG 669164 --- [           main] o.s.orm.jpa.JpaTransactionManager        : Initiating transaction rollback
2024-04-09T07:50:07.558+01:00 DEBUG 669164 --- [           main] o.s.orm.jpa.JpaTransactionManager        : Rolling back JPA transaction on EntityManager [SessionImpl(534253640<open>)]
2024-04-09T07:50:07.560+01:00 DEBUG 669164 --- [           main] o.s.orm.jpa.JpaTransactionManager        : Closing JPA EntityManager [SessionImpl(534253640<open>)] after transaction
2024-04-09T07:50:07.561+01:00 DEBUG 669164 --- [           main] o.s.t.c.transaction.TransactionContext   : Rolled back transaction (1) for test class [bus.booking.RepositoryTest]; test method [testReservationRepository]
2024-04-09T07:50:07.561+01:00 DEBUG 669164 --- [           main] .c.s.DirtiesContextTestExecutionListener : After test method: class [RepositoryTest], method [testReservationRepository], class annotated with @DirtiesContext [false] with mode [null], method annotated with @DirtiesContext [false] with mode [null]
]]></system-out>
  </testcase>
  <testcase name="testTripRepository" classname="bus.booking.RepositoryTest" time="0.017">
    <system-out><![CDATA[2024-04-09T07:50:07.562+01:00 DEBUG 669164 --- [           main] DependencyInjectionTestExecutionListener : Performing dependency injection for test class bus.booking.RepositoryTest
2024-04-09T07:50:07.563+01:00 DEBUG 669164 --- [           main] org.springframework.test.context.cache   : Spring test ApplicationContext cache statistics: [DefaultContextCache@47260109 size = 1, maxSize = 32, parentContextCount = 0, hitCount = 12, missCount = 1]
2024-04-09T07:50:07.563+01:00 DEBUG 669164 --- [           main] org.springframework.test.context.cache   : Spring test ApplicationContext cache statistics: [DefaultContextCache@47260109 size = 1, maxSize = 32, parentContextCount = 0, hitCount = 13, missCount = 1]
2024-04-09T07:50:07.565+01:00 DEBUG 669164 --- [           main] sContextBeforeModesTestExecutionListener : Before test method: class [RepositoryTest], method [testTripRepository], class annotated with @DirtiesContext [false] with mode [null], method annotated with @DirtiesContext [false] with mode [null]
2024-04-09T07:50:07.565+01:00 DEBUG 669164 --- [           main] t.c.t.TransactionalTestExecutionListener : Explicit transaction definition [PROPAGATION_REQUIRED,ISOLATION_DEFAULT] found for test class [bus.booking.RepositoryTest] and test method [testTripRepository]
2024-04-09T07:50:07.565+01:00 DEBUG 669164 --- [           main] org.springframework.test.context.cache   : Spring test ApplicationContext cache statistics: [DefaultContextCache@47260109 size = 1, maxSize = 32, parentContextCount = 0, hitCount = 14, missCount = 1]
2024-04-09T07:50:07.566+01:00 DEBUG 669164 --- [           main] t.c.t.TransactionalTestExecutionListener : No method-level @Rollback override: using default rollback [true] for test method [void bus.booking.RepositoryTest.testTripRepository() throws java.text.ParseException]
2024-04-09T07:50:07.566+01:00 DEBUG 669164 --- [           main] o.s.orm.jpa.JpaTransactionManager        : Creating new transaction with name [bus.booking.RepositoryTest.testTripRepository]: PROPAGATION_REQUIRED,ISOLATION_DEFAULT
2024-04-09T07:50:07.566+01:00 DEBUG 669164 --- [           main] o.s.orm.jpa.JpaTransactionManager        : Opened new EntityManager [SessionImpl(1580307372<open>)] for JPA transaction
2024-04-09T07:50:07.566+01:00 DEBUG 669164 --- [           main] o.s.j.datasource.SimpleDriverDataSource  : Creating new JDBC Driver Connection to [jdbc:h2:mem:f49eb3a7-5b56-497e-8603-39c0960067fd;DB_CLOSE_DELAY=-1;DB_CLOSE_ON_EXIT=false]
2024-04-09T07:50:07.567+01:00 DEBUG 669164 --- [           main] o.s.orm.jpa.JpaTransactionManager        : Exposing JPA transaction as JDBC [org.springframework.orm.jpa.vendor.HibernateJpaDialect$HibernateConnectionHandle@7db69013]
2024-04-09T07:50:07.567+01:00 DEBUG 669164 --- [           main] o.s.t.c.transaction.TransactionContext   : Began transaction (1) for test class [bus.booking.RepositoryTest]; test method [testTripRepository]; transaction manager [org.springframework.orm.jpa.JpaTransactionManager@43fb9456]; rollback [true]
2024-04-09T07:50:07.567+01:00 DEBUG 669164 --- [           main] org.springframework.test.context.cache   : Spring test ApplicationContext cache statistics: [DefaultContextCache@47260109 size = 1, maxSize = 32, parentContextCount = 0, hitCount = 15, missCount = 1]
2024-04-09T07:50:07.568+01:00 DEBUG 669164 --- [           main] org.springframework.test.context.cache   : Spring test ApplicationContext cache statistics: [DefaultContextCache@47260109 size = 1, maxSize = 32, parentContextCount = 0, hitCount = 16, missCount = 1]
2024-04-09T07:50:07.569+01:00 DEBUG 669164 --- [           main] org.springframework.test.context.cache   : Spring test ApplicationContext cache statistics: [DefaultContextCache@47260109 size = 1, maxSize = 32, parentContextCount = 0, hitCount = 17, missCount = 1]
Hibernate: insert into trips (arrival_time,available_seats,bus_id,date,departure_time,destination,duration,origin,price_euro) values (?,?,?,?,?,?,?,?,?)
2024-04-09T07:50:07.573+01:00 DEBUG 669164 --- [           main] o.s.orm.jpa.JpaTransactionManager        : Found thread-bound EntityManager [SessionImpl(1580307372<open>)] for JPA transaction
2024-04-09T07:50:07.574+01:00 DEBUG 669164 --- [           main] o.s.orm.jpa.JpaTransactionManager        : Participating in existing transaction
2024-04-09T07:50:07.577+01:00 DEBUG 669164 --- [           main] org.springframework.test.context.cache   : Spring test ApplicationContext cache statistics: [DefaultContextCache@47260109 size = 1, maxSize = 32, parentContextCount = 0, hitCount = 18, missCount = 1]
2024-04-09T07:50:07.578+01:00 DEBUG 669164 --- [           main] org.springframework.test.context.cache   : Spring test ApplicationContext cache statistics: [DefaultContextCache@47260109 size = 1, maxSize = 32, parentContextCount = 0, hitCount = 19, missCount = 1]
2024-04-09T07:50:07.578+01:00 DEBUG 669164 --- [           main] org.springframework.test.context.cache   : Spring test ApplicationContext cache statistics: [DefaultContextCache@47260109 size = 1, maxSize = 32, parentContextCount = 0, hitCount = 20, missCount = 1]
2024-04-09T07:50:07.578+01:00 DEBUG 669164 --- [           main] org.springframework.test.context.cache   : Spring test ApplicationContext cache statistics: [DefaultContextCache@47260109 size = 1, maxSize = 32, parentContextCount = 0, hitCount = 21, missCount = 1]
2024-04-09T07:50:07.578+01:00 DEBUG 669164 --- [           main] org.springframework.test.context.cache   : Spring test ApplicationContext cache statistics: [DefaultContextCache@47260109 size = 1, maxSize = 32, parentContextCount = 0, hitCount = 22, missCount = 1]
2024-04-09T07:50:07.579+01:00 DEBUG 669164 --- [           main] org.springframework.test.context.cache   : Spring test ApplicationContext cache statistics: [DefaultContextCache@47260109 size = 1, maxSize = 32, parentContextCount = 0, hitCount = 23, missCount = 1]
2024-04-09T07:50:07.579+01:00 DEBUG 669164 --- [           main] o.s.orm.jpa.JpaTransactionManager        : Initiating transaction rollback
2024-04-09T07:50:07.579+01:00 DEBUG 669164 --- [           main] o.s.orm.jpa.JpaTransactionManager        : Rolling back JPA transaction on EntityManager [SessionImpl(1580307372<open>)]
2024-04-09T07:50:07.580+01:00 DEBUG 669164 --- [           main] o.s.orm.jpa.JpaTransactionManager        : Closing JPA EntityManager [SessionImpl(1580307372<open>)] after transaction
2024-04-09T07:50:07.580+01:00 DEBUG 669164 --- [           main] o.s.t.c.transaction.TransactionContext   : Rolled back transaction (1) for test class [bus.booking.RepositoryTest]; test method [testTripRepository]
2024-04-09T07:50:07.580+01:00 DEBUG 669164 --- [           main] .c.s.DirtiesContextTestExecutionListener : After test method: class [RepositoryTest], method [testTripRepository], class annotated with @DirtiesContext [false] with mode [null], method annotated with @DirtiesContext [false] with mode [null]
]]></system-out>
  </testcase>
</testsuite>