<?xml version="1.0" encoding="UTF-8"?>
<testsuite xmlns:xsi="http://www.w3.org/2001/XMLSchema-instance" xsi:noNamespaceSchemaLocation="https://maven.apache.org/surefire/maven-surefire-plugin/xsd/surefire-test-report-3.0.xsd" version="3.0" name="bus.booking.ReservationService_UnitTest" time="0.406" tests="2" errors="0" skipped="0" failures="0">
  <properties>
[...]
</properties>
  <testcase name="testCreateReservation" classname="bus.booking.ReservationService_UnitTest" time="0.398"/>
  <testcase name="testGetReservationById" classname="bus.booking.ReservationService_UnitTest" time="0.005"/>
</testsuite>