<?xml version="1.0" encoding="UTF-8"?>
<testsuite xmlns:xsi="http://www.w3.org/2001/XMLSchema-instance" xsi:noNamespaceSchemaLocation="https://maven.apache.org/surefire/maven-surefire-plugin/xsd/surefire-test-report.xsd" name="stack.TqsStackTest" time="0.044" tests="9" errors="8" skipped="0" failures="0">
  <properties>
    <property name="java.specification.version" value="19"/>
    <property name="sun.jnu.encoding" value="UTF-8"/>
    <property name="java.class.path" value="/home/jakerosa/Desktop/Uni/3ano_2semestre/TQS_109089/lab1_1/target/test-classes:/home/jakerosa/Desktop/Uni/3ano_2semestre/TQS_109089/lab1_1/target/classes:/home/jakerosa/.m2/repository/org/junit/jupiter/junit-jupiter/5.10.2/junit-jupiter-5.10.2.jar:/home/jakerosa/.m2/repository/org/junit/jupiter/junit-jupiter-api/5.10.2/junit-jupiter-api-5.10.2.jar:/home/jakerosa/.m2/repository/org/opentest4j/opentest4j/1.3.0/opentest4j-1.3.0.jar:/home/jakerosa/.m2/repository/org/junit/platform/junit-platform-commons/1.10.2/junit-platform-commons-1.10.2.jar:/home/jakerosa/.m2/repository/org/apiguardian/apiguardian-api/1.1.2/apiguardian-api-1.1.2.jar:/home/jakerosa/.m2/repository/org/junit/jupiter/junit-jupiter-params/5.10.2/junit-jupiter-params-5.10.2.jar:/home/jakerosa/.m2/repository/org/junit/jupiter/junit-jupiter-engine/5.10.2/junit-jupiter-engine-5.10.2.jar:/home/jakerosa/.m2/repository/org/junit/platform/junit-platform-engine/1.10.2/junit-platform-engine-1.10.2.jar:"/>
    <property name="java.vm.vendor" value="Private Build"/>
    <property name="sun.arch.data.model" value="64"/>
    <property name="java.vendor.url" value="Unknown"/>
    <property name="os.name" value="Linux"/>
    <property name="java.vm.specification.version" value="19"/>
    <property name="sun.java.launcher" value="SUN_STANDARD"/>
    <property name="user.country" value="GB"/>
    <property name="sun.boot.library.path" value="/usr/lib/jvm/java-19-openjdk-amd64/lib"/>
    <property name="sun.java.command" value="/home/jakerosa/Desktop/Uni/3ano_2semestre/TQS_109089/lab1_1/target/surefire/surefirebooter6876855164231190888.jar /home/jakerosa/Desktop/Uni/3ano_2semestre/TQS_109089/lab1_1/target/surefire 2024-02-18T17-28-52_170-jvmRun1 surefire9265152847437979256tmp surefire_01440172118777537851tmp"/>
    <property name="jdk.debug" value="release"/>
    <property name="surefire.test.class.path" value="/home/jakerosa/Desktop/Uni/3ano_2semestre/TQS_109089/lab1_1/target/test-classes:/home/jakerosa/Desktop/Uni/3ano_2semestre/TQS_109089/lab1_1/target/classes:/home/jakerosa/.m2/repository/org/junit/jupiter/junit-jupiter/5.10.2/junit-jupiter-5.10.2.jar:/home/jakerosa/.m2/repository/org/junit/jupiter/junit-jupiter-api/5.10.2/junit-jupiter-api-5.10.2.jar:/home/jakerosa/.m2/repository/org/opentest4j/opentest4j/1.3.0/opentest4j-1.3.0.jar:/home/jakerosa/.m2/repository/org/junit/platform/junit-platform-commons/1.10.2/junit-platform-commons-1.10.2.jar:/home/jakerosa/.m2/repository/org/apiguardian/apiguardian-api/1.1.2/apiguardian-api-1.1.2.jar:/home/jakerosa/.m2/repository/org/junit/jupiter/junit-jupiter-params/5.10.2/junit-jupiter-params-5.10.2.jar:/home/jakerosa/.m2/repository/org/junit/jupiter/junit-jupiter-engine/5.10.2/junit-jupiter-engine-5.10.2.jar:/home/jakerosa/.m2/repository/org/junit/platform/junit-platform-engine/1.10.2/junit-platform-engine-1.10.2.jar:"/>
    <property name="sun.cpu.endian" value="little"/>
    <property name="user.home" value="/home/jakerosa"/>
    <property name="user.language" value="en"/>
    <property name="java.specification.vendor" value="Oracle Corporation"/>
    <property name="java.version.date" value="2023-01-17"/>
    <property name="java.home" value="/usr/lib/jvm/java-19-openjdk-amd64"/>
    <property name="file.separator" value="/"/>
    <property name="basedir" value="/home/jakerosa/Desktop/Uni/3ano_2semestre/TQS_109089/lab1_1"/>
    <property name="java.vm.compressedOopsMode" value="Zero based"/>
    <property name="line.separator" value="&#10;"/>
    <property name="java.specification.name" value="Java Platform API Specification"/>
    <property name="java.vm.specification.vendor" value="Oracle Corporation"/>
    <property name="surefire.real.class.path" value="/home/jakerosa/Desktop/Uni/3ano_2semestre/TQS_109089/lab1_1/target/surefire/surefirebooter6876855164231190888.jar"/>
    <property name="sun.management.compiler" value="HotSpot 64-Bit Tiered Compilers"/>
    <property name="java.runtime.version" value="19.0.2+7-Ubuntu-0ubuntu322.04"/>
    <property name="user.name" value="jakerosa"/>
    <property name="stdout.encoding" value="UTF-8"/>
    <property name="path.separator" value=":"/>
    <property name="os.version" value="6.6.10-76060610-generic"/>
    <property name="java.runtime.name" value="OpenJDK Runtime Environment"/>
    <property name="file.encoding" value="UTF-8"/>
    <property name="java.vm.name" value="OpenJDK 64-Bit Server VM"/>
    <property name="localRepository" value="/home/jakerosa/.m2/repository"/>
    <property name="java.vendor.url.bug" value="Unknown"/>
    <property name="java.io.tmpdir" value="/tmp"/>
    <property name="java.version" value="19.0.2"/>
    <property name="user.dir" value="/home/jakerosa/Desktop/Uni/3ano_2semestre/TQS_109089/lab1_1"/>
    <property name="os.arch" value="amd64"/>
    <property name="java.vm.specification.name" value="Java Virtual Machine Specification"/>
    <property name="native.encoding" value="UTF-8"/>
    <property name="java.library.path" value="/usr/java/packages/lib:/usr/lib/x86_64-linux-gnu/jni:/lib/x86_64-linux-gnu:/usr/lib/x86_64-linux-gnu:/usr/lib/jni:/lib:/usr/lib"/>
    <property name="java.vm.info" value="mixed mode, sharing"/>
    <property name="stderr.encoding" value="UTF-8"/>
    <property name="java.vendor" value="Private Build"/>
    <property name="java.vm.version" value="19.0.2+7-Ubuntu-0ubuntu322.04"/>
    <property name="sun.io.unicode.encoding" value="UnicodeLittle"/>
    <property name="java.class.version" value="63.0"/>
  </properties>
  <testcase name="testPushThenPop" classname="stack.TqsStackTest" time="0.02">
    <error message="Cannot invoke &quot;stack.TqsStack.push(Object)&quot; because &quot;this.s&quot; is null" type="java.lang.NullPointerException">java.lang.NullPointerException: Cannot invoke "stack.TqsStack.push(Object)" because "this.s" is null
	at stack.TqsStackTest.testPushThenPop(TqsStackTest.java:44)
</error>
  </testcase>
  <testcase name="testPushToFullStackThrows" classname="stack.TqsStackTest" time="0.003"/>
  <testcase name="testNewStackIsEmpty" classname="stack.TqsStackTest" time="0.001">
    <error message="Cannot invoke &quot;stack.TqsStack.isEmpty()&quot; because &quot;this.s&quot; is null" type="java.lang.NullPointerException">java.lang.NullPointerException: Cannot invoke "stack.TqsStack.isEmpty()" because "this.s" is null
	at stack.TqsStackTest.testNewStackIsEmpty(TqsStackTest.java:23)
</error>
  </testcase>
  <testcase name="testPushesToEmptyStack" classname="stack.TqsStackTest" time="0.001">
    <error message="Cannot invoke &quot;stack.TqsStack.push(Object)&quot; because &quot;this.s&quot; is null" type="java.lang.NullPointerException">java.lang.NullPointerException: Cannot invoke "stack.TqsStack.push(Object)" because "this.s" is null
	at stack.TqsStackTest.testPushesToEmptyStack(TqsStackTest.java:35)
</error>
  </testcase>
  <testcase name="testPopOnEmptyStackThrows" classname="stack.TqsStackTest" time="0.001">
    <error message="Cannot invoke &quot;stack.TqsStack.isEmpty()&quot; because &quot;this.s&quot; is null" type="java.lang.NullPointerException">java.lang.NullPointerException: Cannot invoke "stack.TqsStack.isEmpty()" because "this.s" is null
	at stack.TqsStackTest.testPopOnEmptyStackThrows(TqsStackTest.java:72)
</error>
  </testcase>
  <testcase name="testPeekIntoEmptyStackThrows" classname="stack.TqsStackTest" time="0.001">
    <error message="Cannot invoke &quot;stack.TqsStack.isEmpty()&quot; because &quot;this.s&quot; is null" type="java.lang.NullPointerException">java.lang.NullPointerException: Cannot invoke "stack.TqsStack.isEmpty()" because "this.s" is null
	at stack.TqsStackTest.testPeekIntoEmptyStackThrows(TqsStackTest.java:78)
</error>
  </testcase>
  <testcase name="testPushThenPeek" classname="stack.TqsStackTest" time="0.001">
    <error message="Cannot invoke &quot;stack.TqsStack.push(Object)&quot; because &quot;this.s&quot; is null" type="java.lang.NullPointerException">java.lang.NullPointerException: Cannot invoke "stack.TqsStack.push(Object)" because "this.s" is null
	at stack.TqsStackTest.testPushThenPeek(TqsStackTest.java:51)
</error>
  </testcase>
  <testcase name="testPoppingDownToEmpty" classname="stack.TqsStackTest" time="0">
    <error message="Cannot invoke &quot;stack.TqsStack.push(Object)&quot; because &quot;this.s&quot; is null" type="java.lang.NullPointerException">java.lang.NullPointerException: Cannot invoke "stack.TqsStack.push(Object)" because "this.s" is null
	at stack.TqsStackTest.testPoppingDownToEmpty(TqsStackTest.java:61)
</error>
  </testcase>
  <testcase name="testNewStackHasSizeZero" classname="stack.TqsStackTest" time="0">
    <error message="Cannot invoke &quot;stack.TqsStack.size()&quot; because &quot;this.s&quot; is null" type="java.lang.NullPointerException">java.lang.NullPointerException: Cannot invoke "stack.TqsStack.size()" because "this.s" is null
	at stack.TqsStackTest.testNewStackHasSizeZero(TqsStackTest.java:28)
</error>
  </testcase>
</testsuite>