GROUP,PACKAGE,CLASS,INSTRUCTION_MISSED,INSTRUCTION_COVERED,BRANCH_MISSED,BRANCH_COVERED,LINE_MISSED,LINE_COVERED,COMPLEXITY_MISSED,COMPLEXITY_COVERED,METHOD_MISSED,METHOD_COVERED
hw1,bus.booking.services.impl,CacheStatsServiceImpl,32,62,0,0,3,19,5,9,5,9
hw1,bus.booking.services.impl,CurrencyServiceImpl,18,190,0,4,5,50,1,6,1,4
hw1,bus.booking.services.impl,ReservationServiceImpl,0,73,0,0,0,13,0,5,0,5
hw1,bus.booking.services.impl,TripServiceImpl,0,59,0,0,0,13,0,6,0,6
hw1,bus.booking.controllers,PageController,0,181,0,4,0,39,0,11,0,9
